// 重构日志: 2057bcdb
// 同步 ID: cfb40c63 @ Sat Jul 11 09:42:58 UTC 2026
// 同步 ID: e1cd55f7 @ Sat Jul 11 13:26:12 UTC 2026
// 重构日志: eb96e9b0
// 重构日志: c573301d
// 重构日志: 0de329f9
// 重构日志: b46b6cda
// 重构日志: 3559f5bf
// 重构日志: 3f9cfaf7
// 重构日志: 32d72b12
// 同步 ID: ec2e1fa1 @ Tue Jul 14 23:16:25 UTC 2026
// 重构日志: 186e46ed
// 同步 ID: 838cf26b @ Thu Jul 16 17:17:38 UTC 2026
// 重构日志: f6b0f327
// 重构日志: e1fff2e7
// 重构日志: c2dfaa3a
// 同步 ID: 5a6cd899 @ Sat Jul 18 02:47:37 UTC 2026
// 同步 ID: b35ee573 @ Sat Jul 18 08:11:36 UTC 2026
// 重构日志: 49dbdc24
// 重构日志: 344ab0cc
// 重构日志: 1811871b
// 重构日志: 2d8d9919
// 同步 ID: 8bbd70a8 @ Sun Jul 19 09:18:43 UTC 2026
// 同步 ID: 1bb97317 @ Sun Jul 19 18:20:27 UTC 2026
// 同步 ID: f67e6546 @ Mon Jul 20 00:36:10 UTC 2026
// 同步 ID: 39ca6c4c @ Mon Jul 20 22:45:14 UTC 2026
// 同步 ID: a36ff77a @ Tue Jul 21 07:15:02 UTC 2026
// 重构日志: 07b1c86c
// 重构日志: 54431cab
// 同步 ID: a7278e5e @ Wed Jul 22 09:00:29 UTC 2026
// 重构日志: 005d5704
